11.07.2020 02:26:23 sql=[select * from anh where id=1] 
11.07.2020 02:28:39 sql=[select * from anh where id=1] 
11.07.2020 02:30:25 sql=[select * from anh where id=1] 
11.07.2020 02:30:35 sql=[select * from anh where id=1] 
11.07.2020 02:35:36 sql=[select * from anh where id=1] 
11.07.2020 02:35:36 sql=[select * from anh where id=2] 
11.07.2020 02:36:32 sql=[select * from anh where id=1] 
11.07.2020 02:36:32 sql=[select * from anh where id=2] 
13.07.2020 12:17:49 sql=[select * from anh where id=1] 
13.07.2020 12:17:51 sql=[select * from anh where id=2] 
13.07.2020 01:59:58 sql=[select * from anh where id=1] 
13.07.2020 01:59:58 sql=[select * from anh where id=2] 
13.07.2020 02:05:28 sql=[select * from anh where id=1] 
13.07.2020 02:05:28 sql=[select * from anh where id=2] 
13.07.2020 02:06:24 sql=[select * from anh where id=1] 
13.07.2020 02:06:24 sql=[select * from anh where id=2] 
13.07.2020 02:06:24 sql=[select * from timmoi where id=1] 
13.07.2020 02:06:24 Khong the select duoc,ERROR=[Table 'webbanhang.timmoi' doesn't exist] 
13.07.2020 02:06:24 COUNT=[0] 
13.07.2020 02:07:09 sql=[select * from anh where id=1] 
13.07.2020 02:07:09 sql=[select * from anh where id=2] 
13.07.2020 02:07:09 sql=[select * from tinmoi where id=1] 
13.07.2020 02:09:35 sql=[select * from anh where id=1] 
13.07.2020 02:09:35 sql=[select * from anh where id=2] 
13.07.2020 02:09:35 sql=[select * from tinmoi where id=1] 
13.07.2020 02:09:55 sql=[select * from anh where id=1] 
13.07.2020 02:09:55 sql=[select * from anh where id=2] 
13.07.2020 02:09:55 sql=[select * from tinmoi where id=1] 
13.07.2020 02:09:57 sql=[select * from anh where id=1] 
13.07.2020 02:09:57 sql=[select * from anh where id=2] 
13.07.2020 02:09:57 sql=[select * from tinmoi where id=1] 
13.07.2020 02:10:00 sql=[select * from anh where id=1] 
13.07.2020 02:10:00 sql=[select * from anh where id=2] 
13.07.2020 02:10:00 sql=[select * from tinmoi where id=1] 
13.07.2020 02:10:04 sql=[select * from anh where id=1] 
13.07.2020 02:10:04 sql=[select * from anh where id=2] 
13.07.2020 02:10:04 sql=[select * from tinmoi where id=1] 
13.07.2020 02:10:07 sql=[select * from anh where id=1] 
13.07.2020 02:10:07 sql=[select * from anh where id=2] 
13.07.2020 02:10:07 sql=[select * from tinmoi where id=1] 
13.07.2020 02:16:37 sql=[select * from anh where id=1] 
13.07.2020 02:16:37 sql=[select * from anh where id=2] 
13.07.2020 02:16:37 sql=[select * from tinmoi where id=1] 
13.07.2020 02:31:43 sql=[select * from anh where id=1] 
13.07.2020 02:31:43 sql=[select * from anh where id=2] 
13.07.2020 02:31:43 sql=[select * from tinmoi where id=1] 
13.07.2020 02:35:45 sql=[select * from anh where id=1] 
13.07.2020 02:35:45 sql=[select * from anh where id=2] 
13.07.2020 02:35:45 sql=[select * from tinmoi where id=1] 
13.07.2020 02:35:45 sql=[SELECT * from timmoi where id > 0] 
13.07.2020 02:35:45 Khong the select duoc,ERROR=[Table 'webbanhang.timmoi' doesn't exist] 
13.07.2020 02:35:45 COUNT=[0] 
13.07.2020 02:35:52 sql=[select * from anh where id=1] 
13.07.2020 02:35:52 sql=[select * from anh where id=2] 
13.07.2020 02:35:52 sql=[select * from tinmoi where id=1] 
13.07.2020 02:35:52 sql=[SELECT * from tinmoi where id > 0] 
13.07.2020 02:39:18 sql=[select * from anh where id=1] 
13.07.2020 02:39:19 sql=[select * from anh where id=2] 
13.07.2020 02:39:19 sql=[select * from tinmoi where id=1] 
13.07.2020 02:39:19 sql=[SELECT * from tinmoi where id > 0] 
13.07.2020 02:40:20 sql=[select * from anh where id=1] 
13.07.2020 02:40:20 sql=[select * from anh where id=2] 
13.07.2020 02:40:20 sql=[select * from tinmoi where id=1] 
13.07.2020 02:40:20 sql=[SELECT * from tinmoi where id > 0] 
13.07.2020 02:42:11 sql=[select * from anh where id=1] 
13.07.2020 02:42:11 sql=[select * from anh where id=2] 
13.07.2020 02:42:11 sql=[select * from tinmoi where id=1] 
13.07.2020 02:42:11 sql=[SELECT * from tinmoi where id > 0] 
13.07.2020 02:51:22 sql=[select * from anh where id=1] 
13.07.2020 02:51:22 sql=[select * from anh where id=2] 
13.07.2020 02:51:22 sql=[SELECT * from tinmoi where id > 0] 
13.07.2020 02:51:59 sql=[select * from anh where id=1] 
13.07.2020 02:51:59 sql=[select * from anh where id=2] 
13.07.2020 02:51:59 sql=[SELECT * from tinmoi where id > 0] 
15.07.2020 02:12:09 sql=[select * from anh where id=1] 
15.07.2020 02:12:10 sql=[select * from anh where id=2] 
15.07.2020 02:12:10 sql=[SELECT * from tinmoi where id > 0] 
15.07.2020 02:19:54 sql=[select * from anh where id=1] 
15.07.2020 02:19:54 sql=[select * from anh where id=2] 
15.07.2020 02:19:54 sql=[SELECT * from tinmoi where id > 0] 
15.07.2020 05:35:10 sql=[select * from anh where id=1] 
15.07.2020 05:35:10 sql=[select * from anh where id=2] 
15.07.2020 05:35:10 sql=[SELECT * from tinmoi where id > 0] 
15.07.2020 05:56:18 sql=[select * from anh where id=1] 
15.07.2020 05:56:18 sql=[select * from anh where id=2] 
15.07.2020 05:56:18 sql=[SELECT * from tinmoi where id > 0] 
15.07.2020 06:27:50 sql=[select * from anh where id=1] 
15.07.2020 06:27:50 sql=[select * from anh where id=2] 
15.07.2020 06:27:50 sql=[SELECT * from tinmoi where id > 0] 
15.07.2020 06:31:58 sql=[select * from anh where id=1] 
15.07.2020 06:31:58 sql=[select * from anh where id=2] 
15.07.2020 06:31:58 sql=[SELECT * from tinmoi where id > 0] 
15.07.2020 06:32:00 sql=[select * from anh where id=1] 
15.07.2020 06:32:00 sql=[select * from anh where id=2] 
15.07.2020 06:32:00 sql=[SELECT * from tinmoi where id > 0] 
17.07.2020 10:07:13 sql=[select * from anh where id=1] 
17.07.2020 10:07:13 sql=[select * from anh where id=2] 
17.07.2020 10:07:13 sql=[SELECT * from tinmoi where id > 0] 
17.07.2020 10:53:08 sql=[select * from anh where id=1] 
17.07.2020 10:53:08 sql=[select * from anh where id=2] 
17.07.2020 10:53:08 sql=[SELECT * from tinmoi where id > 0] 
17.07.2020 11:34:17 sql=[select * from anh where id=1] 
17.07.2020 11:34:17 sql=[select * from anh where id=2] 
17.07.2020 11:34:17 sql=[SELECT * from tinmoi where id > 0] 
17.07.2020 05:14:17 sql=[select * from anh where id=1] 
17.07.2020 05:14:17 sql=[select * from anh where id=2] 
17.07.2020 05:14:17 sql=[SELECT * from tinmoi where id > 0] 
17.07.2020 05:22:00 sql=[select * from anh where id=1] 
17.07.2020 05:22:00 sql=[select * from anh where id=2] 
17.07.2020 05:22:00 sql=[SELECT * from tinmoi where id > 0] 
17.07.2020 05:51:19 sql=[select * from anh where id=1] 
17.07.2020 05:51:19 sql=[select * from anh where id=2] 
17.07.2020 05:51:19 sql=[SELECT * from tinmoi where id > 0] 
17.07.2020 05:55:32 sql=[select * from anh where id=1] 
17.07.2020 05:55:32 sql=[select * from anh where id=2] 
17.07.2020 05:55:32 sql=[SELECT * from tinmoi where id > 0] 
17.07.2020 05:56:01 sql=[select * from anh where id=1] 
17.07.2020 05:56:01 sql=[select * from anh where id=2] 
17.07.2020 05:56:01 sql=[SELECT * from tinmoi where id > 0] 
17.07.2020 05:56:23 sql=[select * from anh where id=1] 
17.07.2020 05:56:23 sql=[select * from anh where id=2] 
17.07.2020 05:56:23 sql=[SELECT * from tinmoi where id > 0] 
17.07.2020 06:11:51 sql=[select * from anh where id=1] 
17.07.2020 06:11:51 sql=[select * from anh where id=2] 
17.07.2020 06:11:51 sql=[SELECT * from tinmoi where id > 0] 
17.07.2020 06:12:25 sql=[select * from anh where id=1] 
17.07.2020 06:12:25 sql=[select * from anh where id=2] 
17.07.2020 06:12:25 sql=[SELECT * from tinmoi where id > 0] 
17.07.2020 06:14:12 sql=[select * from anh where id=1] 
17.07.2020 06:14:12 sql=[select * from anh where id=2] 
17.07.2020 06:14:12 sql=[SELECT * from tinmoi where id > 0] 
17.07.2020 06:15:38 sql=[select * from anh where id=1] 
17.07.2020 06:15:38 sql=[select * from anh where id=2] 
17.07.2020 06:15:38 sql=[SELECT * from tinmoi where id > 0] 
17.07.2020 06:15:44 sql=[select * from anh where id=1] 
17.07.2020 06:15:44 sql=[select * from anh where id=2] 
17.07.2020 06:15:44 sql=[SELECT * from tinmoi where id > 0] 
17.07.2020 06:16:44 sql=[select * from anh where id=1] 
17.07.2020 06:16:44 sql=[select * from anh where id=2] 
17.07.2020 06:16:44 sql=[SELECT * from tinmoi where id > 0] 
17.07.2020 06:17:06 sql=[select * from anh where id=1] 
17.07.2020 06:17:06 sql=[select * from anh where id=2] 
17.07.2020 06:17:06 sql=[SELECT * from tinmoi where id > 0] 
17.07.2020 06:17:15 sql=[select * from anh where id=1] 
17.07.2020 06:17:15 sql=[select * from anh where id=2] 
17.07.2020 06:17:15 sql=[SELECT * from tinmoi where id > 0] 
17.07.2020 08:49:39 sql=[select * from anh where id=1] 
17.07.2020 08:49:39 sql=[select * from anh where id=2] 
17.07.2020 08:49:39 sql=[SELECT * from tinmoi where id > 0] 
18.07.2020 08:17:29 sql=[select * from anh where id=1] 
18.07.2020 08:17:29 sql=[select * from anh where id=2] 
18.07.2020 08:17:29 sql=[SELECT * from tinmoi where id > 0] 
18.07.2020 09:46:49 sql=[select * from anh where id=1] 
18.07.2020 09:46:49 sql=[select * from anh where id=2] 
18.07.2020 09:46:49 sql=[SELECT * from tinmoi where id > 0] 
18.07.2020 09:47:10 sql=[select * from anh where id=1] 
18.07.2020 09:47:10 sql=[select * from anh where id=2] 
18.07.2020 09:47:10 sql=[SELECT * from tinmoi where id > 0] 
18.07.2020 09:49:49 sql=[select * from anh where id=1] 
18.07.2020 09:49:49 sql=[select * from anh where id=2] 
18.07.2020 09:49:49 sql=[SELECT * from tinmoi where id > 0] 
18.07.2020 09:49:49 sql=[select * from anh where id=1] 
18.07.2020 09:49:49 sql=[select * from anh where id=2] 
18.07.2020 09:49:49 sql=[select * from anh where id=1] 
18.07.2020 09:49:49 sql=[SELECT * from tinmoi where id > 0] 
18.07.2020 09:49:49 sql=[select * from anh where id=2] 
18.07.2020 09:49:49 sql=[SELECT * from tinmoi where id > 0] 
18.07.2020 09:49:49 sql=[select * from anh where id=1] 
18.07.2020 09:49:49 sql=[select * from anh where id=1] 
18.07.2020 09:49:49 sql=[select * from anh where id=1] 
18.07.2020 09:49:49 sql=[select * from anh where id=2] 
18.07.2020 09:49:49 sql=[select * from anh where id=1] 
18.07.2020 09:49:49 sql=[select * from anh where id=2] 
18.07.2020 09:49:49 sql=[SELECT * from tinmoi where id > 0] 
18.07.2020 09:49:49 sql=[select * from anh where id=2] 
18.07.2020 09:49:49 sql=[SELECT * from tinmoi where id > 0] 
18.07.2020 09:49:49 sql=[SELECT * from tinmoi where id > 0] 
18.07.2020 09:49:49 sql=[select * from anh where id=2] 
18.07.2020 09:49:49 sql=[SELECT * from tinmoi where id > 0] 
18.07.2020 09:49:49 sql=[select * from anh where id=1] 
18.07.2020 09:49:49 sql=[select * from anh where id=2] 
18.07.2020 09:49:49 sql=[SELECT * from tinmoi where id > 0] 
18.07.2020 09:49:49 sql=[select * from anh where id=1] 
18.07.2020 09:49:49 sql=[select * from anh where id=2] 
18.07.2020 09:49:49 sql=[SELECT * from tinmoi where id > 0] 
18.07.2020 09:49:49 sql=[select * from anh where id=1] 
18.07.2020 09:49:49 sql=[select * from anh where id=1] 
18.07.2020 09:49:49 sql=[select * from anh where id=2] 
18.07.2020 09:49:49 sql=[select * from anh where id=2] 
18.07.2020 09:49:49 sql=[select * from anh where id=2] 
 0] 
18.07.2020 09:49:49 sql=[SELECT * from tinmoi where id > 0] 
18.07.2020 09:49:49 sql=[SELECT * from tinmoi where id > 0] 
20.07.2020 11:35:56 sql=[select * from anh where id=1] 
20.07.2020 11:35:56 sql=[select * from anh where id=2] 
20.07.2020 11:35:56 sql=[SELECT * from tinmoi where id > 0] 
22.07.2020 03:33:55 sql=[select * from anh where id=1] 
22.07.2020 03:33:55 sql=[select * from anh where id=2] 
22.07.2020 03:33:55 sql=[SELECT * from tinmoi where id > 0] 
22.07.2020 03:34:20 sql=[select * from anh where id=1] 
22.07.2020 03:34:20 sql=[select * from anh where id=2] 
22.07.2020 03:34:20 sql=[SELECT * from tinmoi where id > 0] 
22.07.2020 03:43:27 sql=[select * from anh where id=1] 
22.07.2020 03:43:27 Khong the select duoc,ERROR=[Table 'webbanhang.anh' doesn't exist] 
22.07.2020 03:43:27 COUNT=[0] 
22.07.2020 03:43:27 sql=[select * from anh where id=2] 
22.07.2020 03:43:27 Khong the select duoc,ERROR=[Table 'webbanhang.anh' doesn't exist] 
22.07.2020 03:43:27 COUNT=[0] 
22.07.2020 03:43:27 sql=[SELECT * from tinmoi where id > 0] 
22.07.2020 03:43:50 sql=[select * from anh where id=1] 
22.07.2020 03:43:50 Khong the select duoc,ERROR=[Table 'webbanhang.anh' doesn't exist] 
22.07.2020 03:43:50 COUNT=[0] 
22.07.2020 03:43:50 sql=[select * from anh where id=2] 
22.07.2020 03:43:50 Khong the select duoc,ERROR=[Table 'webbanhang.anh' doesn't exist] 
22.07.2020 03:43:50 COUNT=[0] 
22.07.2020 03:43:50 sql=[SELECT * from tinmoi where id > 0] 
22.07.2020 03:45:59 sql=[select * from anh where id=1] 
22.07.2020 03:45:59 sql=[select * from anh where id=2] 
22.07.2020 03:45:59 sql=[SELECT * from tinmoi where id > 0] 
22.07.2020 03:48:32 sql=[select * from anh where id=1] 
22.07.2020 03:48:32 sql=[select * from anh where id=2] 
22.07.2020 03:48:32 sql=[SELECT * from tinmoi where id > 0] 
22.07.2020 03:49:31 sql=[select * from anh where id=1] 
22.07.2020 03:49:31 sql=[select * from anh where id=2] 
22.07.2020 03:49:31 sql=[SELECT * from tinmoi where id > 0] 
22.07.2020 03:50:36 sql=[select * from anh where id=1] 
22.07.2020 03:50:36 sql=[select * from anh where id=2] 
22.07.2020 03:50:36 sql=[SELECT * from tinmoi where id > 0] 
22.07.2020 03:56:46 sql=[select * from anh where id=1] 
22.07.2020 03:56:46 sql=[select * from anh where id=2] 
22.07.2020 03:56:46 sql=[SELECT * from tinmoi where id > 0] 
23.07.2020 11:59:10 sql=[select * from anh where id=1] 
23.07.2020 11:59:10 sql=[select * from anh where id=2] 
23.07.2020 11:59:10 sql=[SELECT * from tinmoi where id > 0] 
23.07.2020 12:02:02 sql=[select * from anh where id=1] 
23.07.2020 12:02:02 sql=[select * from anh where id=2] 
23.07.2020 12:02:02 sql=[SELECT * from tinmoi where id > 0] 
23.07.2020 12:05:40 sql=[select * from anh where id=1] 
23.07.2020 12:05:40 sql=[select * from anh where id=2] 
23.07.2020 12:05:40 sql=[SELECT * from tinmoi where id > 0] 
23.07.2020 12:53:07 sql=[select * from anh where id=1] 
23.07.2020 12:53:08 sql=[select * from anh where id=2] 
23.07.2020 12:53:08 sql=[SELECT * from tinmoi where id > 0] 
23.07.2020 01:39:26 sql=[select * from anh where id=1] 
23.07.2020 01:39:26 sql=[select * from anh where id=2] 
23.07.2020 01:39:26 sql=[SELECT * from tinmoi where id > 0] 
23.07.2020 01:48:03 sql=[select * from anh where id=1] 
23.07.2020 01:48:03 sql=[select * from anh where id=2] 
23.07.2020 01:48:03 sql=[SELECT * from tinmoi where id > 0] 
23.07.2020 01:49:22 sql=[select * from anh where id=1] 
23.07.2020 01:49:22 sql=[select * from anh where id=2] 
23.07.2020 01:49:22 sql=[SELECT * from tinmoi where id > 0] 
23.07.2020 03:32:29 sql=[select * from anh where id=1] 
23.07.2020 03:32:29 sql=[select * from anh where id=2] 
23.07.2020 03:32:29 sql=[SELECT * from tinmoi where id > 0] 
23.07.2020 05:12:05 sql=[select * from anh where id=1] 
23.07.2020 05:12:05 sql=[select * from anh where id=2] 
23.07.2020 05:12:05 sql=[SELECT * from tinmoi where id > 0] 
