14.07.2020 10:07:55 sql=[SELECT Idsanphamnam , Tensanphamnam , Giasanphamnam from sanphamnam] 
14.07.2020 10:09:03 sql=[SELECT Idsanphamnam , Tensanphamnam , Giasanphamnam from sanphamnam] 
14.07.2020 10:09:50 sql=[SELECT Idsanphamnam , Tensanphamnam , Giasanphamnam from sanphamnam] 
14.07.2020 10:10:42 sql=[SELECT Idsanphamnam , Tensanphamnam , Giasanphamnam from sanphamnam] 
14.07.2020 10:11:15 sql=[SELECT Idsanphamnam , Tensanphamnam , Giasanphamnam from sanphamnam] 
14.07.2020 10:12:02 sql=[SELECT Idsanphamnam , Tensanphamnam , Giasanphamnam from sanphamnam] 
14.07.2020 10:12:17 sql=[SELECT Idsanphamnam , Tensanphamnam , Giasanphamnam from sanphamnam] 
14.07.2020 12:32:38 sql=[SELECT Idsanphamnam , Tensanphamnam , Giasanphamnam from sanphamnam] 
14.07.2020 12:33:18 sql=[SELECT Idsanphamnam , Tensanphamnam , Giasanphamnam from sanphamnam] 
14.07.2020 12:35:38 sql=[SELECT Idsanphamnam , Tensanphamnam , Giasanphamnam from sanphamnam] 
14.07.2020 12:41:04 sql=[SELECT Idsanphamnam , Tensanphamnam , Giasanphamnam from sanphamnam] 
14.07.2020 12:46:05 sql=[SELECT Idsanphamnam , Tensanphamnam , Giasanphamnam from sanphamnam] 
14.07.2020 12:46:46 sql=[SELECT Idsanphamnam , Tensanphamnam , Giasanphamnam from sanphamnam] 
14.07.2020 12:47:48 sql=[SELECT Idsanphamnam , Tensanphamnam , Giasanphamnam from sanphamnam] 
14.07.2020 12:48:23 sql=[SELECT Idsanphamnam , Tensanphamnam , Giasanphamnam from sanphamnam] 
14.07.2020 12:48:24 sql=[SELECT Idsanphamnam , Tensanphamnam , Giasanphamnam from sanphamnam] 
14.07.2020 12:48:24 sql=[SELECT Idsanphamnam , Tensanphamnam , Giasanphamnam from sanphamnam] 
14.07.2020 12:48:32 sql=[SELECT Idsanphamnam , Tensanphamnam , Giasanphamnam from sanphamnam] 
14.07.2020 12:49:23 sql=[SELECT Idsanphamnam , Tensanphamnam , Giasanphamnam from sanphamnam] 
14.07.2020 12:49:31 sql=[SELECT Idsanphamnam , Tensanphamnam , Giasanphamnam from sanphamnam] 
14.07.2020 12:49:35 sql=[SELECT Idsanphamnam , Tensanphamnam , Giasanphamnam from sanphamnam] 
14.07.2020 12:49:42 sql=[SELECT Idsanphamnam , Tensanphamnam , Giasanphamnam from sanphamnam] 
14.07.2020 12:50:42 sql=[SELECT Idsanphamnam , Tensanphamnam , Giasanphamnam from sanphamnam] 
14.07.2020 12:50:45 sql=[SELECT Idsanphamnam , Tensanphamnam , Giasanphamnam from sanphamnam] 
14.07.2020 12:51:03 sql=[SELECT Idsanphamnam , Tensanphamnam , Giasanphamnam from sanphamnam] 
14.07.2020 12:51:04 sql=[SELECT Idsanphamnam , Tensanphamnam , Giasanphamnam from sanphamnam] 
14.07.2020 12:51:08 sql=[SELECT Idsanphamnam , Tensanphamnam , Giasanphamnam from sanphamnam] 
14.07.2020 12:53:33 sql=[SELECT Idsanphamnam , Tensanphamnam , Giasanphamnam from sanphamnam] 
14.07.2020 12:54:20 sql=[SELECT Idsanphamnam , Tensanphamnam , Giasanphamnam from sanphamnam] 
14.07.2020 12:55:10 sql=[SELECT Idsanphamnam , Tensanphamnam , Giasanphamnam from sanphamnam] 
14.07.2020 12:55:26 sql=[SELECT Idsanphamnam , Tensanphamnam , Giasanphamnam from sanphamnam] 
14.07.2020 12:55:36 sql=[SELECT Idsanphamnam , Tensanphamnam , Giasanphamnam from sanphamnam] 
14.07.2020 12:56:05 sql=[SELECT Idsanphamnam , Tensanphamnam , Giasanphamnam from sanphamnam] 
14.07.2020 12:56:19 sql=[SELECT Idsanphamnam , Tensanphamnam , Giasanphamnam from sanphamnam] 
14.07.2020 12:57:29 sql=[SELECT Idsanphamnam , Tensanphamnam , Giasanphamnam from sanphamnam] 
14.07.2020 12:57:55 sql=[SELECT Idsanphamnam , Tensanphamnam , Giasanphamnam from sanphamnam] 
14.07.2020 12:58:22 sql=[SELECT Idsanphamnam , Tensanphamnam , Giasanphamnam from sanphamnam] 
14.07.2020 01:00:24 sql=[SELECT Idsanphamnam , Tensanphamnam , Giasanphamnam from sanphamnam] 
14.07.2020 01:00:39 sql=[SELECT Idsanphamnam , Tensanphamnam , Giasanphamnam from sanphamnam] 
14.07.2020 01:00:51 sql=[SELECT Idsanphamnam , Tensanphamnam , Giasanphamnam from sanphamnam] 
14.07.2020 01:00:52 sql=[SELECT Idsanphamnam , Tensanphamnam , Giasanphamnam from sanphamnam] 
14.07.2020 01:00:59 sql=[SELECT Idsanphamnam , Tensanphamnam , Giasanphamnam from sanphamnam] 
14.07.2020 01:01:19 sql=[SELECT Idsanphamnam , Tensanphamnam , Giasanphamnam from sanphamnam] 
14.07.2020 01:02:02 sql=[SELECT Idsanphamnam , Tensanphamnam , Giasanphamnam from sanphamnam] 
14.07.2020 01:02:07 sql=[SELECT Idsanphamnam , Tensanphamnam , Giasanphamnam from sanphamnam] 
14.07.2020 01:09:33 sql=[SELECT Idsanphamnam , Tensanphamnam , Giasanphamnam from sanphamnam] 
14.07.2020 01:10:05 sql=[SELECT Idsanphamnam , Tensanphamnam , Giasanphamnam from sanphamnam] 
14.07.2020 01:10:50 sql=[SELECT Idsanphamnam , Tensanphamnam , Giasanphamnam from sanphamnam] 
14.07.2020 01:11:45 sql=[SELECT Idsanphamnam , Tensanphamnam , Giasanphamnam from sanphamnam] 
14.07.2020 01:12:15 sql=[SELECT Idsanphamnam , Tensanphamnam , Giasanphamnam from sanphamnam] 
14.07.2020 01:14:00 sql=[SELECT Idsanphamnam , Tensanphamnam , Giasanphamnam from sanphamnam] 
14.07.2020 01:14:37 sql=[SELECT Idsanphamnam , Tensanphamnam , Giasanphamnam from sanphamnam] 
14.07.2020 01:15:41 sql=[SELECT Idsanphamnam , Tensanphamnam , Giasanphamnam from sanphamnam] 
14.07.2020 01:15:43 sql=[SELECT Idsanphamnam , Tensanphamnam , Giasanphamnam from sanphamnam] 
14.07.2020 01:17:03 sql=[SELECT Idsanphamnam , Tensanphamnam , Giasanphamnam from sanphamnam] 
14.07.2020 01:25:09 sql=[SELECT Idsanphamkid , Tensanphamkids , Giasanphamkids from sanphamkids] 
14.07.2020 01:25:23 sql=[SELECT Idsanphamkid , Tensanphamkids , Giasanphamkids from sanphamkids] 
14.07.2020 01:25:41 sql=[SELECT Idsanphamnam , Tensanphamnam , Giasanphamnam from sanphamnam] 
14.07.2020 01:26:30 sql=[SELECT Idsanphamnam , Tensanphamnam , Giasanphamnam from sanphamnam] 
14.07.2020 01:26:31 sql=[SELECT Idsanphamkid , Tensanphamkids , Giasanphamkids from sanphamkids] 
14.07.2020 01:26:34 sql=[SELECT Idsanphamnam , Tensanphamnam , Giasanphamnam from sanphamnam] 
14.07.2020 01:26:34 sql=[SELECT Idsanphamkid , Tensanphamkids , Giasanphamkids from sanphamkids] 
14.07.2020 01:27:45 sql=[SELECT Idsanphamkid , Tensanphamkids , Giasanphamkids from sanphamkids] 
14.07.2020 01:27:50 sql=[SELECT Idsanphamnam , Tensanphamnam , Giasanphamnam from sanphamnam] 
14.07.2020 01:27:51 sql=[SELECT Idsanphamkid , Tensanphamkids , Giasanphamkids from sanphamkids] 
14.07.2020 01:28:06 sql=[SELECT Idsanphamkid , Tensanphamkids , Giasanphamkids from sanphamkids] 
14.07.2020 01:28:45 sql=[SELECT Idsanphamkid , Tensanphamkids , Giasanphamkids from sanphamkids] 
14.07.2020 01:30:27 sql=[SELECT Idsanphamnam , Tensanphamnam , Giasanphamnam from sanphamnam] 
14.07.2020 01:30:28 sql=[SELECT Idsanphamkid , Tensanphamkids , Giasanphamkids from sanphamkids] 
14.07.2020 01:46:26 sql=[SELECT Idsanphamnam , Tensanphamnam , Giasanphamnam from sanphamnam] 
14.07.2020 01:46:31 sql=[SELECT Idsanphamkid , Tensanphamkids , Giasanphamkids from sanphamkids] 
18.07.2020 09:59:26 sql=[SELECT Idsanphamnam , Tensanphamnam , Giasanphamnam from sanphamnam] 
18.07.2020 09:59:28 sql=[SELECT Idsanphamkid , Tensanphamkids , Giasanphamkids from sanphamkids] 
19.07.2020 09:22:57 sql=[SELECT Idsanphamnam , Tensanphamnam , Giasanphamnam from sanphamnam] 
19.07.2020 09:26:58 sql=[SELECT Idsanphamnam , Tensanphamnam , Giasanphamnam from sanphamnam] 
19.07.2020 09:29:05 sql=[SELECT Idsanphamnam , Tensanphamnam , Giasanphamnam from sanphamnam] 
19.07.2020 12:07:57 sql=[SELECT Idsanphamnam , Tensanphamnam , Giasanphamnam from sanphamnam] 
19.07.2020 12:08:01 sql=[SELECT Idsanphamkid , Tensanphamkids , Giasanphamkids from sanphamkids] 
19.07.2020 12:08:02 sql=[SELECT Idsanphamnam , Tensanphamnam , Giasanphamnam from sanphamnam] 
19.07.2020 12:08:02 sql=[SELECT Idsanphamkid , Tensanphamkids , Giasanphamkids from sanphamkids] 
19.07.2020 12:36:47 <!-- sql=[insert into tinmoi (img1,img2,tieude,noidung) values (n'uploads/91793301-casino-coin-icon-20200719-123647.jpg',n'uploads/106014376_633201317610060_1829185953008947334_n-20200719-123647.jpg',n'a',n'a')] --> 
19.07.2020 12:38:30 <!-- sql=[insert into tinmoi (img1,img2,tieude,noidung) values (n'uploads/91793301-casino-coin-icon-20200719-123830.jpg',n'uploads/106014376_633201317610060_1829185953008947334_n-20200719-123830.jpg',n'a',n'a')] --> 
19.07.2020 12:45:00 <!-- sql=[insert into tinmoi (img1,img2,tieude,noidung) values (n'uploads/83428928_308802350293978_1793851397254553518_n-20200719-124500.jpg',n'uploads/106014376_633201317610060_1829185953008947334_n-20200719-124500.jpg',n'a',n'x')] --> 
19.07.2020 12:45:11 <!-- sql=[insert into tinmoi (img1,img2,tieude,noidung) values (n'uploads/106014376_633201317610060_1829185953008947334_n-20200719-124511.jpg',n'uploads/103469531_720295532116588_5945095211440936715_n-20200719-124511.jpg',n'a',n'b')] --> 
19.07.2020 12:58:01 <!-- sql=[insert into sanphamkids (Tensanphamkids,Img1,Img2,Tieude,Noidung,Giasanphamkids,loaisanphamkids,sale) values (n'a',n'uploads/bia1-20200719-125801.jpg',n'uploads/91793301-casino-coin-icon-20200719-125801.jpg',n'ADADDAD',n'a',n'50000',n'vay',n'ok')] --> 
19.07.2020 01:17:52 <!-- sql=[insert into tinmoi (img1,img2,tieude,noidung) values (n'uploads/91793301-casino-coin-icon-20200719-011752.jpg',n'uploads/AmericanDad_6647600-AMERICANDAD._SX1080_-20200719-011752.jpg',n'a',n'v')] --> 
19.07.2020 01:22:28 sql=[SELECT Idsanphamnam , Tensanphamnam , Giasanphamnam from sanphamnam] 
19.07.2020 01:22:33 sql=[SELECT Idsanphamkid , Tensanphamkids , Giasanphamkids from sanphamkids] 
19.07.2020 01:22:52 sql=[SELECT Idsanphamnam , Tensanphamnam , Giasanphamnam from sanphamnam] 
19.07.2020 01:22:56 sql=[SELECT Idsanphamkid , Tensanphamkids , Giasanphamkids from sanphamkids] 
19.07.2020 02:00:50 <!-- sql=[insert into sanphamnam (Tensanphamnam,Img1,Img2,Tieude,Noidung,Giasanphamnam,loaisanphamnam) values (n'a c v',n'uploads/2-20200719-020050.jpg',n'uploads/2-20200719-020050.jpg',n'zzzzzzzzzzzzzzzzzzzzzzzzzzzz',n'aaaaaaaaaaaaaaaaaaaaaa',n'300000',n'ao')] --> 
19.07.2020 02:01:40 <!-- sql=[insert into sanphamnam (Tensanphamnam,Img1,Img2,Tieude,Noidung,Giasanphamnam,loaisanphamnam) values (n'a c v',n'uploads/2-20200719-020140.jpg',n'uploads/2-20200719-020140.jpg',n'zzzzzzzzzzzzzzzzzzzzzzzzzzzz',n'aaaaaaaaaaaaaaaaaaaaaa',n'300000',n'ao')] --> 
19.07.2020 02:02:46 <!-- sql=[update sanphamnam set Tensanphamnam=n'a c v',Img1=n'uploads/105977336_3283156735049427_668932674161862515_n-20200719-020246.jpg',Img2=n'uploads/106014376_633201317610060_1829185953008947334_n-20200719-020246.jpg',Tieude=n'awdawd',Noidung=n'aaaaaaaaaaaaaaaaaaaaaaaaaaaaaaaaaaaa',Giasanphamnam=n'6000000',loaisanphamnam=n'ao'  where Tensanphamnam=a c v] --> 
19.07.2020 02:04:25 <!-- sql=[update sanphamnam set Tensanphamnam=n'a c v',Img1=n'uploads/105977336_3283156735049427_668932674161862515_n-20200719-020425.jpg',Img2=n'uploads/106014376_633201317610060_1829185953008947334_n-20200719-020425.jpg',Tieude=n'awdawd',Noidung=n'aaaaaaaaaaaaaaaaaaaaaaaaaaaaaaaaaaaa',Giasanphamnam=n'6000000',loaisanphamnam=n'ao'  where Tensanphamnam=a c v] --> 
19.07.2020 02:20:10 <!-- sql=[update sanphamnam set Tensanphamnam=n'A',Img1=n'uploads/91793301-casino-coin-icon-20200719-022010.jpg',Img2=n'uploads/105977336_3283156735049427_668932674161862515_n-20200719-022010.jpg',Tieude=n'ADADDAD',Noidung=n'aaaaaaaaaaaaaaaaaaaaaaaaaaaaaaaaaaa',Giasanphamnam=n'5000000',loaisanphamnam=n'ao'  where Idsanphamnam=] --> 
19.07.2020 02:20:44 <!-- sql=[update sanphamnam set Tensanphamnam=n'A',Img1=n'uploads/91793301-casino-coin-icon-20200719-022044.jpg',Img2=n'uploads/105977336_3283156735049427_668932674161862515_n-20200719-022044.jpg',Tieude=n'ADADDAD',Noidung=n'aaaaaaaaaaaaaaaaaaaaaaaaaaaaaaaaaaa',Giasanphamnam=n'5000000',loaisanphamnam=n'ao'  where Idsanphamnam=7] --> 
19.07.2020 02:23:25 sql=[SELECT Idsanphamnam , Tensanphamnam , Giasanphamnam from sanphamnam] 
19.07.2020 02:23:47 <!-- sql=[insert into sanphamnam (Tensanphamnam,Img1,Img2,Tieude,Noidung,Giasanphamnam,loaisanphamnam) values (n'a',n'uploads/103469531_720295532116588_5945095211440936715_n-20200719-022347.jpg',n'uploads/106014376_633201317610060_1829185953008947334_n-20200719-022347.jpg',n'ADADDAD',n'a',n'5000000',n'ao')] --> 
19.07.2020 02:23:49 sql=[SELECT Idsanphamnam , Tensanphamnam , Giasanphamnam from sanphamnam] 
19.07.2020 02:24:22 sql=[SELECT Idsanphamnam , Tensanphamnam , Giasanphamnam from sanphamnam] 
19.07.2020 02:25:24 <!-- sql=[insert into sanphamkids (Tensanphamkids,Img1,Img2,Tieude,Noidung,Giasanphamkids,loaisanphamkids,sale) values (n'a',n'uploads/106014376_633201317610060_1829185953008947334_n-20200719-022524.jpg',n'uploads/91793301-casino-coin-icon-20200719-022524.jpg',n'ADADDAD',n'zzzzzzzzzzzzzzzzzzzzzzzzzzzzzz',n'50000',n'aoni',n'ok')] --> 
19.07.2020 02:25:27 sql=[SELECT Idsanphamkid , Tensanphamkids , Giasanphamkids from sanphamkids] 
19.07.2020 02:25:39 sql=[SELECT Idsanphamkid , Tensanphamkids , Giasanphamkids from sanphamkids] 
19.07.2020 02:25:42 sql=[SELECT Idsanphamkid , Tensanphamkids , Giasanphamkids from sanphamkids] 
19.07.2020 02:26:08 <!-- sql=[update sanphamkids set Tensanphamkids=n'b',Img1=n'uploads/83428928_308802350293978_1793851397254553518_n-20200719-022608.jpg',Img2=n'uploads/105977336_3283156735049427_668932674161862515_n-20200719-022608.jpg',Tieude=n'zzzzzzzzzzzzzzzzzzzzzzzzzzzzz',Noidung=n'aaaaaaaaaaaaaaaaaaaaaaaaaaaaaaaaaaaaaa',Giasanphamkids=n'50000',loaisanphamkids=n'aoni',sale=n''  where Idsanphamkid=8] --> 
19.07.2020 02:26:11 sql=[SELECT Idsanphamkid , Tensanphamkids , Giasanphamkids from sanphamkids] 
19.07.2020 02:49:55 sql=[SELECT Idsanphamnam , Tensanphamnam , Giasanphamnam from sanphamnam] 
19.07.2020 02:50:04 sql=[SELECT Idsanphamnam , Tensanphamnam , Giasanphamnam from sanphamnam] 
19.07.2020 02:50:06 sql=[SELECT Idsanphamkid , Tensanphamkids , Giasanphamkids from sanphamkids] 
19.07.2020 02:50:09 sql=[SELECT Idsanphamnam , Tensanphamnam , Giasanphamnam from sanphamnam] 
19.07.2020 02:50:19 sql=[SELECT Idsanphamnam , Tensanphamnam , Giasanphamnam from sanphamnam] 
19.07.2020 02:51:03 sql=[SELECT Idsanphamnam , Tensanphamnam , Giasanphamnam from sanphamnam] 
19.07.2020 02:51:21 <!-- sql=[insert into sanphamnam (Tensanphamnam,Img1,Img2,Tieude,Noidung,Giasanphamnam,loaisanphamnam) values (n'A',n'uploads/83428928_308802350293978_1793851397254553518_n-20200719-025121.jpg',n'uploads/103469531_720295532116588_5945095211440936715_n-20200719-025121.jpg',n'ADADDAD',n'az',n'300000',n'ao')] --> 
19.07.2020 02:51:22 sql=[SELECT Idsanphamnam , Tensanphamnam , Giasanphamnam from sanphamnam] 
19.07.2020 02:51:45 sql=[SELECT Idsanphamnam , Tensanphamnam , Giasanphamnam from sanphamnam] 
19.07.2020 02:53:18 sql=[SELECT Idsanphamnam , Tensanphamnam , Giasanphamnam from sanphamnam] 
19.07.2020 02:53:24 sql=[SELECT Idsanphamnam , Tensanphamnam , Giasanphamnam from sanphamnam] 
19.07.2020 02:53:25 sql=[SELECT Idsanphamnam , Tensanphamnam , Giasanphamnam from sanphamnam] 
19.07.2020 02:53:27 sql=[SELECT Idsanphamkid , Tensanphamkids , Giasanphamkids from sanphamkids] 
19.07.2020 02:53:30 sql=[SELECT Idsanphamnam , Tensanphamnam , Giasanphamnam from sanphamnam] 
19.07.2020 02:53:48 <!-- sql=[insert into sanphamnam (Tensanphamnam,Img1,Img2,Tieude,Noidung,Giasanphamnam,loaisanphamnam) values (n'zzzz',n'uploads/103469531_720295532116588_5945095211440936715_n-20200719-025348.jpg',n'uploads/106014376_633201317610060_1829185953008947334_n-20200719-025348.jpg',n'zzzzzzzzzzzzzzzzzzzzzzzzzzzz',n'aaaaaaaaaaaaaaaaaaa',n'6000000',n'ao')] --> 
19.07.2020 02:53:49 sql=[SELECT Idsanphamnam , Tensanphamnam , Giasanphamnam from sanphamnam] 
19.07.2020 02:54:00 sql=[SELECT Idsanphamnam , Tensanphamnam , Giasanphamnam from sanphamnam] 
19.07.2020 02:55:30 sql=[SELECT Idsanphamnam , Tensanphamnam , Giasanphamnam from sanphamnam] 
19.07.2020 02:55:33 sql=[SELECT Idsanphamnam , Tensanphamnam , Giasanphamnam from sanphamnam] 
19.07.2020 02:56:37 <!-- sql=[insert into sanphamnam (Tensanphamnam,Img1,Img2,Tieude,Noidung,Giasanphamnam,loaisanphamnam) values (n'zzzz',n'uploads/106014376_633201317610060_1829185953008947334_n-20200719-025637.jpg',n'uploads/83428928_308802350293978_1793851397254553518_n-20200719-025637.jpg',n'ADADDAD',n'aaaaaaaaaaaaaaaaaaaaa',n'zzzzzzzzzzzzzzzzzzzzzzz',n'ao')] --> 
19.07.2020 02:56:40 sql=[SELECT Idsanphamnam , Tensanphamnam , Giasanphamnam from sanphamnam] 
19.07.2020 02:57:00 sql=[SELECT Idsanphamnam , Tensanphamnam , Giasanphamnam from sanphamnam] 
19.07.2020 02:59:36 sql=[SELECT Idsanphamkid , Tensanphamkids , Giasanphamkids from sanphamkids] 
19.07.2020 03:00:16 sql=[SELECT Idsanphamkid , Tensanphamkids , Giasanphamkids from sanphamkids] 
20.07.2020 06:51:49 sql=[SELECT loaisanphamnam FROM sanphamnam ] 
20.07.2020 06:57:21 sql=[SELECT loaisanphamnam FROM sanphamnam ] 
20.07.2020 11:39:54 sql=[SELECT Idsanphamnam , Tensanphamnam , Giasanphamnam from sanphamnam] 
23.07.2020 12:00:06 sql=[SELECT loaisanphamnam FROM sanphamnam ] 
23.07.2020 12:01:40 <!-- sql=[insert into sanphamnam (Tensanphamnam,Img1,Img2,Tieude,Noidung,Giasanphamnam,loaisanphamnam) values (n'Gen KD 306',n'uploads/91793301-casino-coin-icon-20200723-120140.jpg',n'uploads/103469531_720295532116588_5945095211440936715_n-20200723-120140.jpg',n'Gen KD 306',n'Co Lam Thi Moi Co An',n'5000000',n'ao')] --> 
23.07.2020 12:04:18 sql=[SELECT Idsanphamnam , Tensanphamnam , Giasanphamnam from sanphamnam] 
23.07.2020 12:04:49 sql=[SELECT loaisanphamnam FROM sanphamnam ] 
23.07.2020 12:05:35 <!-- sql=[insert into sanphamnam (Tensanphamnam,Img1,Img2,Tieude,Noidung,Giasanphamnam,loaisanphamnam) values (n'Gen KD 306',n'uploads/kids-d2c1-20200723-120535.jpg',n'uploads/kids-d2c1-20200723-120535.jpg',n'Gen KD 306',n'Co lam thi moi co an',n'100000',n'ao')] --> 
23.07.2020 01:48:20 sql=[SELECT Idsanphamnam , Tensanphamnam , Giasanphamnam from sanphamnam] 
23.07.2020 01:49:09 <!-- sql=[update sanphamnam set Tensanphamnam=n'Gen KD 306',Img1=n'uploads/QJDTK003-20200723-014909.jpg',Img2=n'uploads/QJDTK003-20200723-014909.jpg',Tieude=n'Gen KD 306',Noidung=n'ABC',Giasanphamnam=n'300000',loaisanphamnam=n'ao'  where Idsanphamnam=5] --> 
23.07.2020 05:16:50 sql=[SELECT Idsanphamnam , Tensanphamnam , Giasanphamnam from sanphamnam] 
23.07.2020 05:17:43 <!-- sql=[update sanphamnam set Tensanphamnam=n'Gen KD 306',Img1=n'uploads/QAUTK004-5-20200723-051743.jpg',Img2=n'uploads/kids-d1c2-20200723-051743.jpg',Tieude=n'Gen KD 306',Noidung=n'A',Giasanphamnam=n'6000000',loaisanphamnam=n'ao'  where Idsanphamnam=5] --> 
